c:\users\nagyb\source\repos\final_ben\final_ben\debug\final_ben.pch
c:\users\nagyb\source\repos\final_ben\final_ben\debug\vc141.pdb
c:\users\nagyb\source\repos\final_ben\final_ben\debug\vc141.idb
c:\users\nagyb\source\repos\final_ben\final_ben\debug\stdafx.obj
c:\users\nagyb\source\repos\final_ben\final_ben\debug\view_entry_dialog_class.obj
c:\users\nagyb\source\repos\final_ben\final_ben\debug\final_bendlg.obj
c:\users\nagyb\source\repos\final_ben\final_ben\debug\final_ben.obj
c:\users\nagyb\source\repos\final_ben\final_ben\debug\add_entry_class.obj
c:\users\nagyb\source\repos\final_ben\final_ben\debug\wit_student.obj
c:\users\nagyb\source\repos\final_ben\final_ben\debug\wit_staff.obj
c:\users\nagyb\source\repos\final_ben\final_ben\debug\wit_faculty.obj
c:\users\nagyb\source\repos\final_ben\final_ben\debug\start_dialog.obj
c:\users\nagyb\source\repos\final_ben\final_ben\debug\person.obj
c:\users\nagyb\source\repos\final_ben\final_ben\debug\payme_class.obj
c:\users\nagyb\source\repos\final_ben\debug\final_ben.exe
c:\users\nagyb\source\repos\final_ben\debug\final_ben.ilk
c:\users\nagyb\source\repos\final_ben\debug\final_ben.pdb
c:\users\nagyb\source\repos\final_ben\final_ben\debug\finalben.res
c:\users\nagyb\source\repos\final_ben\final_ben\debug\add_entry_class.obj.enc
c:\users\nagyb\source\repos\final_ben\final_ben\debug\view_entry_dialog_class.obj.enc
c:\users\nagyb\source\repos\final_ben\final_ben\debug\final_ben.tlog\cl.command.1.tlog
c:\users\nagyb\source\repos\final_ben\final_ben\debug\final_ben.tlog\cl.read.1.tlog
c:\users\nagyb\source\repos\final_ben\final_ben\debug\final_ben.tlog\cl.write.1.tlog
c:\users\nagyb\source\repos\final_ben\final_ben\debug\final_ben.tlog\link.command.1.tlog
c:\users\nagyb\source\repos\final_ben\final_ben\debug\final_ben.tlog\link.read.1.tlog
c:\users\nagyb\source\repos\final_ben\final_ben\debug\final_ben.tlog\link.write.1.tlog
c:\users\nagyb\source\repos\final_ben\final_ben\debug\final_ben.tlog\rc.command.1.tlog
c:\users\nagyb\source\repos\final_ben\final_ben\debug\final_ben.tlog\rc.read.1.tlog
c:\users\nagyb\source\repos\final_ben\final_ben\debug\final_ben.tlog\rc.write.1.tlog
